SF:lib\core\services\network\network_checker_service.dart
DA:19,1
DA:20,1
DA:22,3
DA:23,0
DA:24,0
DA:27,0
DA:33,0
DA:37,1
DA:39,2
DA:41,0
DA:42,0
DA:50,0
DA:51,0
LF:13
LH:5
end_of_record
SF:lib\core\utilities\console_log.dart
DA:12,1
DA:13,2
DA:14,0
DA:16,0
DA:19,0
DA:20,0
DA:23,0
DA:24,0
LF:8
LH:2
end_of_record
SF:lib\core\errors\exceptions.dart
DA:4,0
DA:9,0
DA:10,0
DA:14,0
DA:19,0
DA:20,0
DA:24,1
DA:28,0
DA:29,0
LF:9
LH:1
end_of_record
SF:lib\core\services\notification\fcm_service.dart
DA:14,1
DA:15,1
DA:20,1
DA:21,2
DA:22,2
DA:26,1
DA:39,1
DA:42,2
DA:49,2
DA:50,1
DA:55,1
DA:56,0
DA:58,2
DA:60,0
DA:64,2
DA:68,1
DA:73,2
DA:74,0
DA:79,0
DA:83,0
DA:87,0
DA:88,0
DA:89,0
DA:90,0
DA:91,0
DA:95,0
DA:98,0
DA:102,1
DA:103,2
DA:105,2
DA:110,1
DA:111,1
DA:112,0
DA:113,0
DA:118,0
DA:119,0
DA:120,0
DA:121,0
LF:38
LH:20
end_of_record
SF:lib\core\services\navigation\navigation_service.dart
DA:4,0
LF:1
LH:0
end_of_record
SF:lib\core\services\notification\local_notif_service.dart
DA:20,0
DA:22,0
DA:23,0
DA:29,0
DA:41,0
DA:43,0
DA:45,0
DA:47,0
DA:58,0
DA:59,0
DA:61,0
DA:70,0
DA:74,0
DA:75,0
DA:76,0
DA:79,0
DA:81,0
DA:82,0
DA:90,0
DA:97,0
DA:101,0
DA:102,0
DA:103,0
DA:107,0
DA:108,0
DA:109,0
DA:110,0
DA:112,0
DA:117,0
DA:123,0
DA:124,0
DA:129,0
DA:130,0
DA:131,0
DA:132,0
DA:133,0
DA:134,0
DA:142,0
DA:143,0
DA:145,0
DA:147,0
DA:154,0
DA:163,0
DA:164,0
DA:176,0
DA:180,0
DA:181,0
DA:189,0
DA:190,0
DA:191,0
DA:192,0
DA:193,0
DA:194,0
LF:53
LH:0
end_of_record
SF:lib\core\utilities\external_launcher.dart
DA:11,0
DA:13,0
DA:16,0
DA:17,0
DA:19,0
DA:22,0
DA:23,0
DA:27,0
DA:31,0
DA:32,0
DA:35,0
DA:36,0
DA:38,0
DA:40,0
DA:41,0
DA:45,0
DA:46,0
DA:48,0
DA:49,0
LF:19
LH:0
end_of_record
SF:lib\main.dart
DA:3,0
DA:4,0
DA:8,2
DA:11,1
DA:13,1
DA:15,1
DA:31,1
DA:40,1
DA:53,1
DA:54,1
DA:60,1
DA:61,2
DA:67,2
DA:71,1
DA:79,1
DA:80,1
DA:84,3
DA:87,3
DA:89,1
DA:92,1
DA:107,1
DA:111,1
DA:112,2
DA:113,3
DA:118,1
DA:119,1
LF:26
LH:24
end_of_record
